<?xml version="1.0" encoding="UTF-8"?>
<!-- Generated by org.testng.reporters.JUnitXMLReporter -->
<testsuite ignored="3" hostname="LTIN275543" failures="1" tests="7" name="Test" time="132.882" errors="0" timestamp="2024-01-25T17:31:28 IST">
  <testcase classname="testCases.TC_001_HomePage" name="verify_userDetails" time="10.496"/>
  <testcase classname="testCases.TC_001_HomePage" name="verify_OneCognizant" time="3.553"/>
  <testcase classname="testCases.TC_002_OneCognizantPage" name="clickSubmitTimesheet" time="9.521"/>
  <testcase classname="testCases.TC_003_VerifyTimesheet" name="test_validateLast3Week" time="6.104"/>
  <testcase classname="testCases.TC_003_VerifyTimesheet" name="test_validateSearchBy" time="0.085"/>
  <testcase classname="testCases.TC_003_VerifyTimesheet" name="test_validateSearchByDate" time="8.864"/>
  <testcase classname="testCases.TC_004_SearchByStatus" name="test_validateStatus" time="72.886">
    <failure type="java.lang.AssertionError" message="The following asserts failed:
	expected [true] but found [false]">
      <![CDATA[java.lang.AssertionError: The following asserts failed:
expected [true] but found [false]
at testCases.TC_004_SearchByStatus.test_validateStatus(TC_004_SearchByStatus.java:29)
at java.base/java.util.ArrayList.forEach(ArrayList.java:1511)
... Removed 29 stack frames]]>
    </failure>
  </testcase> <!-- test_validateStatus -->
  <testcase classname="testBase.BaseClass" name="@BeforeTest setup" time="0.0">
    <ignored/>
  </testcase> <!-- @BeforeTest setup -->
  <testcase classname="testBase.BaseClass" name="@BeforeTest setup" time="0.0">
    <ignored/>
  </testcase> <!-- @BeforeTest setup -->
  <testcase classname="testBase.BaseClass" name="@BeforeTest setup" time="0.0">
    <ignored/>
  </testcase> <!-- @BeforeTest setup -->
</testsuite> <!-- Test -->
