<?xml version="1.0" encoding="UTF-8"?>
<testng-results ignored="0" total="7" passed="6" failed="1" skipped="0">
  <reporter-output>
  </reporter-output>
  <suite started-at="2024-01-25T17:29:03 IST" name="Suite" finished-at="2024-01-25T17:31:16 IST" duration-ms="132882">
    <groups>
    </groups>
    <test started-at="2024-01-25T17:29:03 IST" name="Test" finished-at="2024-01-25T17:31:16 IST" duration-ms="132882">
      <class name="testCases.TC_002_OneCognizantPage">
        <test-method signature="clickSubmitTimesheet()[pri:3, instance:testCases.TC_002_OneCognizantPage@77a7cf58]" started-at="2024-01-25T17:29:39 IST" name="clickSubmitTimesheet" finished-at="2024-01-25T17:29:48 IST" duration-ms="9521" status="PASS">
          <reporter-output>
          </reporter-output>
        </test-method> <!-- clickSubmitTimesheet -->
      </class> <!-- testCases.TC_002_OneCognizantPage -->
      <class name="testCases.TC_004_SearchByStatus">
        <test-method signature="test_validateStatus()[pri:0, instance:testCases.TC_004_SearchByStatus@616fe72b]" started-at="2024-01-25T17:30:03 IST" name="test_validateStatus" finished-at="2024-01-25T17:31:16 IST" duration-ms="72886" status="FAIL">
          <exception class="java.lang.AssertionError">
            <message>
              <![CDATA[The following asserts failed:
expected [true] but found [false]]]>
            </message>
            <full-stacktrace>
              <![CDATA[java.lang.AssertionError: The following asserts failed:
expected [true] but found [false]
at org.testng.asserts.SoftAssert.assertAll(SoftAssert.java:46)
at org.testng.asserts.SoftAssert.assertAll(SoftAssert.java:30)
at testCases.TC_004_SearchByStatus.test_validateStatus(TC_004_SearchByStatus.java:29)
at java.base/jdk.internal.reflect.NativeMethodAccessorImpl.invoke0(Native Method)
at java.base/jdk.internal.reflect.NativeMethodAccessorImpl.invoke(NativeMethodAccessorImpl.java:77)
at java.base/jdk.internal.reflect.DelegatingMethodAccessorImpl.invoke(DelegatingMethodAccessorImpl.java:43)
at java.base/java.lang.reflect.Method.invoke(Method.java:568)
at org.testng.internal.invokers.MethodInvocationHelper.invokeMethod(MethodInvocationHelper.java:139)
at org.testng.internal.invokers.TestInvoker.invokeMethod(TestInvoker.java:664)
at org.testng.internal.invokers.TestInvoker.invokeTestMethod(TestInvoker.java:227)
at org.testng.internal.invokers.MethodRunner.runInSequence(MethodRunner.java:50)
at org.testng.internal.invokers.TestInvoker$MethodInvocationAgent.invoke(TestInvoker.java:957)
at org.testng.internal.invokers.TestInvoker.invokeTestMethods(TestInvoker.java:200)
at org.testng.internal.invokers.TestMethodWorker.invokeTestMethods(TestMethodWorker.java:148)
at org.testng.internal.invokers.TestMethodWorker.run(TestMethodWorker.java:128)
at java.base/java.util.ArrayList.forEach(ArrayList.java:1511)
at org.testng.TestRunner.privateRun(TestRunner.java:848)
at org.testng.TestRunner.run(TestRunner.java:621)
at org.testng.SuiteRunner.runTest(SuiteRunner.java:443)
at org.testng.SuiteRunner.runSequentially(SuiteRunner.java:437)
at org.testng.SuiteRunner.privateRun(SuiteRunner.java:397)
at org.testng.SuiteRunner.run(SuiteRunner.java:336)
at org.testng.SuiteRunnerWorker.runSuite(SuiteRunnerWorker.java:52)
at org.testng.SuiteRunnerWorker.run(SuiteRunnerWorker.java:95)
at org.testng.TestNG.runSuitesSequentially(TestNG.java:1280)
at org.testng.TestNG.runSuitesLocally(TestNG.java:1200)
at org.testng.TestNG.runSuites(TestNG.java:1114)
at org.testng.TestNG.run(TestNG.java:1082)
at org.testng.remote.AbstractRemoteTestNG.run(AbstractRemoteTestNG.java:115)
at org.testng.remote.RemoteTestNG.initAndRun(RemoteTestNG.java:251)
at org.testng.remote.RemoteTestNG.main(RemoteTestNG.java:77)
]]>
            </full-stacktrace>
          </exception> <!-- java.lang.AssertionError -->
          <reporter-output>
          </reporter-output>
        </test-method> <!-- test_validateStatus -->
      </class> <!-- testCases.TC_004_SearchByStatus -->
      <class name="testCases.TC_001_HomePage">
        <test-method is-config="true" signature="setup(java.lang.String,java.lang.String)[pri:0, instance:testCases.TC_001_HomePage@424ebba3]" started-at="2024-01-25T17:29:04 IST" name="setup" finished-at="2024-01-25T17:29:24 IST" duration-ms="20164" status="PASS">
          <params>
            <param index="0">
              <value>
                <![CDATA[Windows]]>
              </value>
            </param>
            <param index="1">
              <value>
                <![CDATA[chrome]]>
              </value>
            </param>
          </params>
          <reporter-output>
          </reporter-output>
        </test-method> <!-- setup -->
        <test-method signature="verify_userDetails()[pri:1, instance:testCases.TC_001_HomePage@424ebba3]" started-at="2024-01-25T17:29:24 IST" name="verify_userDetails" finished-at="2024-01-25T17:29:35 IST" duration-ms="10496" status="PASS">
          <reporter-output>
          </reporter-output>
        </test-method> <!-- verify_userDetails -->
        <test-method signature="verify_OneCognizant()[pri:2, instance:testCases.TC_001_HomePage@424ebba3]" started-at="2024-01-25T17:29:35 IST" name="verify_OneCognizant" finished-at="2024-01-25T17:29:39 IST" duration-ms="3553" status="PASS">
          <reporter-output>
          </reporter-output>
        </test-method> <!-- verify_OneCognizant -->
      </class> <!-- testCases.TC_001_HomePage -->
      <class name="testCases.TC_003_VerifyTimesheet">
        <test-method signature="test_validateLast3Week()[pri:1, instance:testCases.TC_003_VerifyTimesheet@3d97a632]" started-at="2024-01-25T17:29:48 IST" name="test_validateLast3Week" finished-at="2024-01-25T17:29:54 IST" duration-ms="6104" status="PASS">
          <reporter-output>
          </reporter-output>
        </test-method> <!-- test_validateLast3Week -->
        <test-method signature="test_validateSearchBy()[pri:2, instance:testCases.TC_003_VerifyTimesheet@3d97a632]" started-at="2024-01-25T17:29:54 IST" name="test_validateSearchBy" finished-at="2024-01-25T17:29:54 IST" duration-ms="85" status="PASS">
          <reporter-output>
          </reporter-output>
        </test-method> <!-- test_validateSearchBy -->
        <test-method signature="test_validateSearchByDate()[pri:3, instance:testCases.TC_003_VerifyTimesheet@3d97a632]" started-at="2024-01-25T17:29:54 IST" name="test_validateSearchByDate" finished-at="2024-01-25T17:30:03 IST" duration-ms="8864" status="PASS">
          <reporter-output>
          </reporter-output>
        </test-method> <!-- test_validateSearchByDate -->
      </class> <!-- testCases.TC_003_VerifyTimesheet -->
    </test> <!-- Test -->
  </suite> <!-- Suite -->
</testng-results>
